2003.06.23 16:42 B C:\Documents and Settings\Kevin\My Documents\Interactive Fiction\TADS\TADS3\extensions\timesys\timesys\index_files\filelist.xml --> ftp.lysseus.com /kforchione/ifiction/docs/timesys/index_files filelist.xml
2003.06.23 16:42 B C:\Documents and Settings\Kevin\My Documents\Interactive Fiction\TADS\TADS3\extensions\timesys\timesys\index_files\image003.gif --> ftp.lysseus.com /kforchione/ifiction/docs/timesys/index_files image003.gif
2003.06.23 16:42 B C:\Documents and Settings\Kevin\My Documents\Interactive Fiction\TADS\TADS3\extensions\timesys\timesys\index_files\image004.gif --> ftp.lysseus.com /kforchione/ifiction/docs/timesys/index_files image004.gif
2003.08.17 23:48 B C:\Documents and Settings\Kevin\My Documents\Interactive Fiction\TADS\TADS3\extensions\timesys\docs\index_files\filelist.xml --> ftp.lysseus.com /kforchione/ifiction/docs/timesys/index_files filelist.xml
2003.08.17 23:48 B C:\Documents and Settings\Kevin\My Documents\Interactive Fiction\TADS\TADS3\extensions\timesys\docs\index_files\image003.gif --> ftp.lysseus.com /kforchione/ifiction/docs/timesys/index_files image003.gif
2003.08.17 23:48 B C:\Documents and Settings\Kevin\My Documents\Interactive Fiction\TADS\TADS3\extensions\timesys\docs\index_files\image004.gif --> ftp.lysseus.com /kforchione/ifiction/docs/timesys/index_files image004.gif
2003.08.17 23:48 B C:\Documents and Settings\Kevin\My Documents\Interactive Fiction\TADS\TADS3\extensions\timesys\docs\index_files\WS_FTP.LOG --> ftp.lysseus.com /kforchione/ifiction/docs/timesys/index_files WS_FTP.LOG
2005.01.05 23:43 B C:\Documents and Settings\Kevin\My Documents\Interactive Fiction\TADS\TADS3\extensions\timesys\docs\index_files\filelist.xml --> ftp.lysseus.com /kforchione/ifiction/docs/timesys/index_files/index_files filelist.xml
2005.01.05 23:43 B C:\Documents and Settings\Kevin\My Documents\Interactive Fiction\TADS\TADS3\extensions\timesys\docs\index_files\image001.png --> ftp.lysseus.com /kforchione/ifiction/docs/timesys/index_files/index_files image001.png
2005.01.05 23:43 B C:\Documents and Settings\Kevin\My Documents\Interactive Fiction\TADS\TADS3\extensions\timesys\docs\index_files\image002.jpg --> ftp.lysseus.com /kforchione/ifiction/docs/timesys/index_files/index_files image002.jpg
2005.01.05 23:43 B C:\Documents and Settings\Kevin\My Documents\Interactive Fiction\TADS\TADS3\extensions\timesys\docs\index_files\image003.png --> ftp.lysseus.com /kforchione/ifiction/docs/timesys/index_files/index_files image003.png
2005.01.05 23:43 B C:\Documents and Settings\Kevin\My Documents\Interactive Fiction\TADS\TADS3\extensions\timesys\docs\index_files\image004.jpg --> ftp.lysseus.com /kforchione/ifiction/docs/timesys/index_files/index_files image004.jpg
2005.01.05 23:43 B C:\Documents and Settings\Kevin\My Documents\Interactive Fiction\TADS\TADS3\extensions\timesys\docs\index_files\image005.png --> ftp.lysseus.com /kforchione/ifiction/docs/timesys/index_files/index_files image005.png
2005.01.05 23:43 B C:\Documents and Settings\Kevin\My Documents\Interactive Fiction\TADS\TADS3\extensions\timesys\docs\index_files\image006.jpg --> ftp.lysseus.com /kforchione/ifiction/docs/timesys/index_files/index_files image006.jpg
2005.01.05 23:43 B C:\Documents and Settings\Kevin\My Documents\Interactive Fiction\TADS\TADS3\extensions\timesys\docs\index_files\image007.png --> ftp.lysseus.com /kforchione/ifiction/docs/timesys/index_files/index_files image007.png
2005.01.05 23:43 B C:\Documents and Settings\Kevin\My Documents\Interactive Fiction\TADS\TADS3\extensions\timesys\docs\index_files\image008.jpg --> ftp.lysseus.com /kforchione/ifiction/docs/timesys/index_files/index_files image008.jpg
2005.01.05 23:43 B C:\Documents and Settings\Kevin\My Documents\Interactive Fiction\TADS\TADS3\extensions\timesys\docs\index_files\image009.png --> ftp.lysseus.com /kforchione/ifiction/docs/timesys/index_files/index_files image009.png
2005.01.05 23:43 B C:\Documents and Settings\Kevin\My Documents\Interactive Fiction\TADS\TADS3\extensions\timesys\docs\index_files\image010.jpg --> ftp.lysseus.com /kforchione/ifiction/docs/timesys/index_files/index_files image010.jpg
2005.01.05 23:43 B C:\Documents and Settings\Kevin\My Documents\Interactive Fiction\TADS\TADS3\extensions\timesys\docs\index_files\image011.png --> ftp.lysseus.com /kforchione/ifiction/docs/timesys/index_files/index_files image011.png
2005.01.05 23:43 B C:\Documents and Settings\Kevin\My Documents\Interactive Fiction\TADS\TADS3\extensions\timesys\docs\index_files\image012.jpg --> ftp.lysseus.com /kforchione/ifiction/docs/timesys/index_files/index_files image012.jpg
2005.01.05 23:43 B C:\Documents and Settings\Kevin\My Documents\Interactive Fiction\TADS\TADS3\extensions\timesys\docs\index_files\image013.png --> ftp.lysseus.com /kforchione/ifiction/docs/timesys/index_files/index_files image013.png
2005.01.05 23:43 B C:\Documents and Settings\Kevin\My Documents\Interactive Fiction\TADS\TADS3\extensions\timesys\docs\index_files\image014.jpg --> ftp.lysseus.com /kforchione/ifiction/docs/timesys/index_files/index_files image014.jpg
2005.01.05 23:43 B C:\Documents and Settings\Kevin\My Documents\Interactive Fiction\TADS\TADS3\extensions\timesys\docs\index_files\image015.png --> ftp.lysseus.com /kforchione/ifiction/docs/timesys/index_files/index_files image015.png
2005.01.05 23:43 B C:\Documents and Settings\Kevin\My Documents\Interactive Fiction\TADS\TADS3\extensions\timesys\docs\index_files\image016.jpg --> ftp.lysseus.com /kforchione/ifiction/docs/timesys/index_files/index_files image016.jpg
2005.01.05 23:43 B C:\Documents and Settings\Kevin\My Documents\Interactive Fiction\TADS\TADS3\extensions\timesys\docs\index_files\image017.png --> ftp.lysseus.com /kforchione/ifiction/docs/timesys/index_files/index_files image017.png
2005.01.05 23:43 B C:\Documents and Settings\Kevin\My Documents\Interactive Fiction\TADS\TADS3\extensions\timesys\docs\index_files\image018.jpg --> ftp.lysseus.com /kforchione/ifiction/docs/timesys/index_files/index_files image018.jpg
2005.01.05 23:43 B C:\Documents and Settings\Kevin\My Documents\Interactive Fiction\TADS\TADS3\extensions\timesys\docs\index_files\image019.png --> ftp.lysseus.com /kforchione/ifiction/docs/timesys/index_files/index_files image019.png
2005.01.05 23:43 B C:\Documents and Settings\Kevin\My Documents\Interactive Fiction\TADS\TADS3\extensions\timesys\docs\index_files\image020.jpg --> ftp.lysseus.com /kforchione/ifiction/docs/timesys/index_files/index_files image020.jpg
2005.01.05 23:43 B C:\Documents and Settings\Kevin\My Documents\Interactive Fiction\TADS\TADS3\extensions\timesys\docs\index_files\image021.png --> ftp.lysseus.com /kforchione/ifiction/docs/timesys/index_files/index_files image021.png
2005.01.05 23:43 B C:\Documents and Settings\Kevin\My Documents\Interactive Fiction\TADS\TADS3\extensions\timesys\docs\index_files\image022.jpg --> ftp.lysseus.com /kforchione/ifiction/docs/timesys/index_files/index_files image022.jpg
2005.01.05 23:43 B C:\Documents and Settings\Kevin\My Documents\Interactive Fiction\TADS\TADS3\extensions\timesys\docs\index_files\image023.png --> ftp.lysseus.com /kforchione/ifiction/docs/timesys/index_files/index_files image023.png
2005.01.05 23:43 B C:\Documents and Settings\Kevin\My Documents\Interactive Fiction\TADS\TADS3\extensions\timesys\docs\index_files\image024.jpg --> ftp.lysseus.com /kforchione/ifiction/docs/timesys/index_files/index_files image024.jpg
2005.01.05 23:43 B C:\Documents and Settings\Kevin\My Documents\Interactive Fiction\TADS\TADS3\extensions\timesys\docs\index_files\image025.png --> ftp.lysseus.com /kforchione/ifiction/docs/timesys/index_files/index_files image025.png
2005.01.05 23:43 B C:\Documents and Settings\Kevin\My Documents\Interactive Fiction\TADS\TADS3\extensions\timesys\docs\index_files\image026.jpg --> ftp.lysseus.com /kforchione/ifiction/docs/timesys/index_files/index_files image026.jpg
2005.01.05 23:43 B C:\Documents and Settings\Kevin\My Documents\Interactive Fiction\TADS\TADS3\extensions\timesys\docs\index_files\image027.png --> ftp.lysseus.com /kforchione/ifiction/docs/timesys/index_files/index_files image027.png
2005.01.05 23:43 B C:\Documents and Settings\Kevin\My Documents\Interactive Fiction\TADS\TADS3\extensions\timesys\docs\index_files\image028.jpg --> ftp.lysseus.com /kforchione/ifiction/docs/timesys/index_files/index_files image028.jpg
2005.01.05 23:43 B C:\Documents and Settings\Kevin\My Documents\Interactive Fiction\TADS\TADS3\extensions\timesys\docs\index_files\image029.png --> ftp.lysseus.com /kforchione/ifiction/docs/timesys/index_files/index_files image029.png
2005.01.05 23:43 B C:\Documents and Settings\Kevin\My Documents\Interactive Fiction\TADS\TADS3\extensions\timesys\docs\index_files\image030.jpg --> ftp.lysseus.com /kforchione/ifiction/docs/timesys/index_files/index_files image030.jpg
2005.01.05 23:43 B C:\Documents and Settings\Kevin\My Documents\Interactive Fiction\TADS\TADS3\extensions\timesys\docs\index_files\image033.png --> ftp.lysseus.com /kforchione/ifiction/docs/timesys/index_files/index_files image033.png
2005.01.05 23:43 B C:\Documents and Settings\Kevin\My Documents\Interactive Fiction\TADS\TADS3\extensions\timesys\docs\index_files\image034.jpg --> ftp.lysseus.com /kforchione/ifiction/docs/timesys/index_files/index_files image034.jpg
2005.01.05 23:43 B C:\Documents and Settings\Kevin\My Documents\Interactive Fiction\TADS\TADS3\extensions\timesys\docs\index_files\image035.png --> ftp.lysseus.com /kforchione/ifiction/docs/timesys/index_files/index_files image035.png
2005.01.05 23:43 B C:\Documents and Settings\Kevin\My Documents\Interactive Fiction\TADS\TADS3\extensions\timesys\docs\index_files\image036.jpg --> ftp.lysseus.com /kforchione/ifiction/docs/timesys/index_files/index_files image036.jpg
2005.01.05 23:43 B C:\Documents and Settings\Kevin\My Documents\Interactive Fiction\TADS\TADS3\extensions\timesys\docs\index_files\image037.gif --> ftp.lysseus.com /kforchione/ifiction/docs/timesys/index_files/index_files image037.gif
2005.01.05 23:43 B C:\Documents and Settings\Kevin\My Documents\Interactive Fiction\TADS\TADS3\extensions\timesys\docs\index_files\image038.gif --> ftp.lysseus.com /kforchione/ifiction/docs/timesys/index_files/index_files image038.gif
2005.01.05 23:43 B C:\Documents and Settings\Kevin\My Documents\Interactive Fiction\TADS\TADS3\extensions\timesys\docs\index_files\WS_FTP.LOG --> ftp.lysseus.com /kforchione/ifiction/docs/timesys/index_files/index_files WS_FTP.LOG
2005.01.05 23:46 B C:\Documents and Settings\Kevin\My Documents\Interactive Fiction\TADS\TADS3\extensions\timesys\docs\index_files\filelist.xml --> ftp.lysseus.com /kforchione/ifiction/docs/timesys/index_files filelist.xml
2005.01.05 23:46 B C:\Documents and Settings\Kevin\My Documents\Interactive Fiction\TADS\TADS3\extensions\timesys\docs\index_files\image001.png --> ftp.lysseus.com /kforchione/ifiction/docs/timesys/index_files image001.png
2005.01.05 23:46 B C:\Documents and Settings\Kevin\My Documents\Interactive Fiction\TADS\TADS3\extensions\timesys\docs\index_files\image002.jpg --> ftp.lysseus.com /kforchione/ifiction/docs/timesys/index_files image002.jpg
2005.01.05 23:46 B C:\Documents and Settings\Kevin\My Documents\Interactive Fiction\TADS\TADS3\extensions\timesys\docs\index_files\image003.png --> ftp.lysseus.com /kforchione/ifiction/docs/timesys/index_files image003.png
2005.01.05 23:46 B C:\Documents and Settings\Kevin\My Documents\Interactive Fiction\TADS\TADS3\extensions\timesys\docs\index_files\image004.jpg --> ftp.lysseus.com /kforchione/ifiction/docs/timesys/index_files image004.jpg
2005.01.05 23:46 B C:\Documents and Settings\Kevin\My Documents\Interactive Fiction\TADS\TADS3\extensions\timesys\docs\index_files\image005.png --> ftp.lysseus.com /kforchione/ifiction/docs/timesys/index_files image005.png
2005.01.05 23:46 B C:\Documents and Settings\Kevin\My Documents\Interactive Fiction\TADS\TADS3\extensions\timesys\docs\index_files\image006.jpg --> ftp.lysseus.com /kforchione/ifiction/docs/timesys/index_files image006.jpg
2005.01.05 23:46 B C:\Documents and Settings\Kevin\My Documents\Interactive Fiction\TADS\TADS3\extensions\timesys\docs\index_files\image007.png --> ftp.lysseus.com /kforchione/ifiction/docs/timesys/index_files image007.png
2005.01.05 23:46 B C:\Documents and Settings\Kevin\My Documents\Interactive Fiction\TADS\TADS3\extensions\timesys\docs\index_files\image008.jpg --> ftp.lysseus.com /kforchione/ifiction/docs/timesys/index_files image008.jpg
2005.01.05 23:46 B C:\Documents and Settings\Kevin\My Documents\Interactive Fiction\TADS\TADS3\extensions\timesys\docs\index_files\image009.png --> ftp.lysseus.com /kforchione/ifiction/docs/timesys/index_files image009.png
2005.01.05 23:46 B C:\Documents and Settings\Kevin\My Documents\Interactive Fiction\TADS\TADS3\extensions\timesys\docs\index_files\image010.jpg --> ftp.lysseus.com /kforchione/ifiction/docs/timesys/index_files image010.jpg
2005.01.05 23:46 B C:\Documents and Settings\Kevin\My Documents\Interactive Fiction\TADS\TADS3\extensions\timesys\docs\index_files\image011.png --> ftp.lysseus.com /kforchione/ifiction/docs/timesys/index_files image011.png
2005.01.05 23:46 B C:\Documents and Settings\Kevin\My Documents\Interactive Fiction\TADS\TADS3\extensions\timesys\docs\index_files\image012.jpg --> ftp.lysseus.com /kforchione/ifiction/docs/timesys/index_files image012.jpg
2005.01.05 23:47 B C:\Documents and Settings\Kevin\My Documents\Interactive Fiction\TADS\TADS3\extensions\timesys\docs\index_files\image013.png --> ftp.lysseus.com /kforchione/ifiction/docs/timesys/index_files image013.png
2005.01.05 23:47 B C:\Documents and Settings\Kevin\My Documents\Interactive Fiction\TADS\TADS3\extensions\timesys\docs\index_files\image014.jpg --> ftp.lysseus.com /kforchione/ifiction/docs/timesys/index_files image014.jpg
2005.01.05 23:47 B C:\Documents and Settings\Kevin\My Documents\Interactive Fiction\TADS\TADS3\extensions\timesys\docs\index_files\image015.png --> ftp.lysseus.com /kforchione/ifiction/docs/timesys/index_files image015.png
2005.01.05 23:47 B C:\Documents and Settings\Kevin\My Documents\Interactive Fiction\TADS\TADS3\extensions\timesys\docs\index_files\image016.jpg --> ftp.lysseus.com /kforchione/ifiction/docs/timesys/index_files image016.jpg
2005.01.05 23:47 B C:\Documents and Settings\Kevin\My Documents\Interactive Fiction\TADS\TADS3\extensions\timesys\docs\index_files\image017.png --> ftp.lysseus.com /kforchione/ifiction/docs/timesys/index_files image017.png
2005.01.05 23:47 B C:\Documents and Settings\Kevin\My Documents\Interactive Fiction\TADS\TADS3\extensions\timesys\docs\index_files\image018.jpg --> ftp.lysseus.com /kforchione/ifiction/docs/timesys/index_files image018.jpg
2005.01.05 23:47 B C:\Documents and Settings\Kevin\My Documents\Interactive Fiction\TADS\TADS3\extensions\timesys\docs\index_files\image019.png --> ftp.lysseus.com /kforchione/ifiction/docs/timesys/index_files image019.png
2005.01.05 23:47 B C:\Documents and Settings\Kevin\My Documents\Interactive Fiction\TADS\TADS3\extensions\timesys\docs\index_files\image020.jpg --> ftp.lysseus.com /kforchione/ifiction/docs/timesys/index_files image020.jpg
2005.01.05 23:47 B C:\Documents and Settings\Kevin\My Documents\Interactive Fiction\TADS\TADS3\extensions\timesys\docs\index_files\image021.png --> ftp.lysseus.com /kforchione/ifiction/docs/timesys/index_files image021.png
2005.01.05 23:47 B C:\Documents and Settings\Kevin\My Documents\Interactive Fiction\TADS\TADS3\extensions\timesys\docs\index_files\image022.jpg --> ftp.lysseus.com /kforchione/ifiction/docs/timesys/index_files image022.jpg
2005.01.05 23:47 B C:\Documents and Settings\Kevin\My Documents\Interactive Fiction\TADS\TADS3\extensions\timesys\docs\index_files\image023.png --> ftp.lysseus.com /kforchione/ifiction/docs/timesys/index_files image023.png
2005.01.05 23:47 B C:\Documents and Settings\Kevin\My Documents\Interactive Fiction\TADS\TADS3\extensions\timesys\docs\index_files\image024.jpg --> ftp.lysseus.com /kforchione/ifiction/docs/timesys/index_files image024.jpg
2005.01.05 23:47 B C:\Documents and Settings\Kevin\My Documents\Interactive Fiction\TADS\TADS3\extensions\timesys\docs\index_files\image025.png --> ftp.lysseus.com /kforchione/ifiction/docs/timesys/index_files image025.png
2005.01.05 23:47 B C:\Documents and Settings\Kevin\My Documents\Interactive Fiction\TADS\TADS3\extensions\timesys\docs\index_files\image026.jpg --> ftp.lysseus.com /kforchione/ifiction/docs/timesys/index_files image026.jpg
2005.01.05 23:47 B C:\Documents and Settings\Kevin\My Documents\Interactive Fiction\TADS\TADS3\extensions\timesys\docs\index_files\image027.png --> ftp.lysseus.com /kforchione/ifiction/docs/timesys/index_files image027.png
2005.01.05 23:47 B C:\Documents and Settings\Kevin\My Documents\Interactive Fiction\TADS\TADS3\extensions\timesys\docs\index_files\image028.jpg --> ftp.lysseus.com /kforchione/ifiction/docs/timesys/index_files image028.jpg
2005.01.05 23:47 B C:\Documents and Settings\Kevin\My Documents\Interactive Fiction\TADS\TADS3\extensions\timesys\docs\index_files\image029.png --> ftp.lysseus.com /kforchione/ifiction/docs/timesys/index_files image029.png
2005.01.05 23:47 B C:\Documents and Settings\Kevin\My Documents\Interactive Fiction\TADS\TADS3\extensions\timesys\docs\index_files\image030.jpg --> ftp.lysseus.com /kforchione/ifiction/docs/timesys/index_files image030.jpg
2005.01.05 23:47 B C:\Documents and Settings\Kevin\My Documents\Interactive Fiction\TADS\TADS3\extensions\timesys\docs\index_files\image033.png --> ftp.lysseus.com /kforchione/ifiction/docs/timesys/index_files image033.png
2005.01.05 23:47 B C:\Documents and Settings\Kevin\My Documents\Interactive Fiction\TADS\TADS3\extensions\timesys\docs\index_files\image034.jpg --> ftp.lysseus.com /kforchione/ifiction/docs/timesys/index_files image034.jpg
2005.01.05 23:47 B C:\Documents and Settings\Kevin\My Documents\Interactive Fiction\TADS\TADS3\extensions\timesys\docs\index_files\image035.png --> ftp.lysseus.com /kforchione/ifiction/docs/timesys/index_files image035.png
2005.01.05 23:47 B C:\Documents and Settings\Kevin\My Documents\Interactive Fiction\TADS\TADS3\extensions\timesys\docs\index_files\image036.jpg --> ftp.lysseus.com /kforchione/ifiction/docs/timesys/index_files image036.jpg
2005.01.05 23:47 B C:\Documents and Settings\Kevin\My Documents\Interactive Fiction\TADS\TADS3\extensions\timesys\docs\index_files\image037.gif --> ftp.lysseus.com /kforchione/ifiction/docs/timesys/index_files image037.gif
2005.01.05 23:47 B C:\Documents and Settings\Kevin\My Documents\Interactive Fiction\TADS\TADS3\extensions\timesys\docs\index_files\image038.gif --> ftp.lysseus.com /kforchione/ifiction/docs/timesys/index_files image038.gif
2005.01.05 23:47 B C:\Documents and Settings\Kevin\My Documents\Interactive Fiction\TADS\TADS3\extensions\timesys\docs\index_files\WS_FTP.LOG --> ftp.lysseus.com /kforchione/ifiction/docs/timesys/index_files WS_FTP.LOG
